[0.015s] Invoking command in '/home/user/atbots_ws/build/wheels': CMAKE_PREFIX_PATH=/opt/ros/humble /usr/bin/cmake --build /home/user/atbots_ws/build/wheels -- -j8 -l8
[0.109s] Invoked command in '/home/user/atbots_ws/build/wheels' returned '0': CMAKE_PREFIX_PATH=/opt/ros/humble /usr/bin/cmake --build /home/user/atbots_ws/build/wheels -- -j8 -l8
[0.109s] Invoking command in '/home/user/atbots_ws/build/wheels': CMAKE_PREFIX_PATH=/opt/ros/humble /usr/bin/cmake --install /home/user/atbots_ws/build/wheels
[0.118s] -- Install configuration: ""
[0.118s] -- Up-to-date: /home/user/atbots_ws/install/wheels/share/wheels/scripts
[0.119s] -- Installing: /home/user/atbots_ws/install/wheels/share/wheels/scripts/wheels.py
[0.119s] -- Installing: /home/user/atbots_ws/install/wheels/lib/wheels/wheels.py
[0.119s] -- Up-to-date: /home/user/atbots_ws/install/wheels/share/ament_index/resource_index/package_run_dependencies/wheels
[0.120s] -- Installing: /home/user/atbots_ws/install/wheels/share/ament_index/resource_index/parent_prefix_path/wheels
[0.120s] -- Up-to-date: /home/user/atbots_ws/install/wheels/share/wheels/environment/ament_prefix_path.sh
[0.120s] -- Installing: /home/user/atbots_ws/install/wheels/share/wheels/environment/ament_prefix_path.dsv
[0.120s] -- Up-to-date: /home/user/atbots_ws/install/wheels/share/wheels/environment/path.sh
[0.121s] -- Installing: /home/user/atbots_ws/install/wheels/share/wheels/environment/path.dsv
[0.121s] -- Up-to-date: /home/user/atbots_ws/install/wheels/share/wheels/local_setup.bash
[0.121s] -- Up-to-date: /home/user/atbots_ws/install/wheels/share/wheels/local_setup.sh
[0.121s] -- Up-to-date: /home/user/atbots_ws/install/wheels/share/wheels/local_setup.zsh
[0.122s] -- Installing: /home/user/atbots_ws/install/wheels/share/wheels/local_setup.dsv
[0.122s] -- Installing: /home/user/atbots_ws/install/wheels/share/wheels/package.dsv
[0.122s] -- Up-to-date: /home/user/atbots_ws/install/wheels/share/ament_index/resource_index/packages/wheels
[0.123s] -- Up-to-date: /home/user/atbots_ws/install/wheels/share/wheels/cmake/wheelsConfig.cmake
[0.123s] -- Up-to-date: /home/user/atbots_ws/install/wheels/share/wheels/cmake/wheelsConfig-version.cmake
[0.123s] -- Up-to-date: /home/user/atbots_ws/install/wheels/share/wheels/package.xml
[0.126s] Invoked command in '/home/user/atbots_ws/build/wheels' returned '0': CMAKE_PREFIX_PATH=/opt/ros/humble /usr/bin/cmake --install /home/user/atbots_ws/build/wheels
