[0.014s] Invoking command in '/home/user/atbots_ws/build/wheels': CMAKE_PREFIX_PATH=${CMAKE_PREFIX_PATH}:/opt/ros/humble /usr/bin/cmake /home/user/atbots_ws/src/wheels -DCMAKE_INSTALL_PREFIX=/home/user/atbots_ws/install/wheels
[0.082s] -- The C compiler identification is GNU 11.4.0
[0.154s] -- The CXX compiler identification is GNU 11.4.0
[0.162s] -- Detecting C compiler ABI info
[0.249s] -- Detecting C compiler ABI info - done
[0.258s] -- Check for working C compiler: /usr/bin/cc - skipped
[0.258s] -- Detecting C compile features
[0.259s] -- Detecting C compile features - done
[0.262s] -- Detecting CXX compiler ABI info
[0.356s] -- Detecting CXX compiler ABI info - done
[0.364s] -- Check for working CXX compiler: /usr/bin/c++ - skipped
[0.364s] -- Detecting CXX compile features
[0.365s] -- Detecting CXX compile features - done
[0.368s] -- Found ament_cmake: 1.3.14 (/opt/ros/humble/share/ament_cmake/cmake)
[0.536s] -- Found Python3: /usr/bin/python3 (found version "3.10.12") found components: Interpreter 
[0.628s] -- Found rclcpp: 16.0.19 (/opt/ros/humble/share/rclcpp/cmake)
[0.668s] -- Found rosidl_generator_c: 3.1.8 (/opt/ros/humble/share/rosidl_generator_c/cmake)
[0.672s] -- Found rosidl_adapter: 3.1.8 (/opt/ros/humble/share/rosidl_adapter/cmake)
[0.679s] -- Found rosidl_generator_cpp: 3.1.8 (/opt/ros/humble/share/rosidl_generator_cpp/cmake)
[0.691s] -- Using all available rosidl_typesupport_c: rosidl_typesupport_fastrtps_c;rosidl_typesupport_introspection_c
[0.706s] -- Using all available rosidl_typesupport_cpp: rosidl_typesupport_fastrtps_cpp;rosidl_typesupport_introspection_cpp
[0.750s] -- Found rmw_implementation_cmake: 6.1.2 (/opt/ros/humble/share/rmw_implementation_cmake/cmake)
[0.753s] -- Found rmw_fastrtps_cpp: 6.2.10 (/opt/ros/humble/share/rmw_fastrtps_cpp/cmake)
[0.848s] -- Found OpenSSL: /usr/lib/x86_64-linux-gnu/libcrypto.so (found version "3.0.2")  
[0.875s] -- Found FastRTPS: /opt/ros/humble/include  
[0.914s] -- Using RMW implementation 'rmw_fastrtps_cpp' as default
[0.922s] -- Looking for pthread.h
[1.003s] -- Looking for pthread.h - found
[1.005s] -- Performing Test CMAKE_HAVE_LIBC_PTHREAD
[1.093s] -- Performing Test CMAKE_HAVE_LIBC_PTHREAD - Success
[1.094s] -- Found Threads: TRUE  
[1.154s] -- Found sensor_msgs: 4.9.1 (/opt/ros/humble/share/sensor_msgs/cmake)
[1.190s] -- Found ament_lint_auto: 0.12.15 (/opt/ros/humble/share/ament_lint_auto/cmake)
[1.271s] -- Added test 'flake8' to check Python code syntax and style conventions
[1.271s] -- Added test 'lint_cmake' to check CMake code style
[1.272s] -- Added test 'pep257' to check Python code against some of the docstring style conventions in PEP 257
[1.273s] -- Added test 'xmllint' to check XML markup files
[1.274s] -- Configuring done
[1.279s] -- Generating done
[1.281s] -- Build files have been written to: /home/user/atbots_ws/build/wheels
[1.291s] Invoked command in '/home/user/atbots_ws/build/wheels' returned '0': CMAKE_PREFIX_PATH=${CMAKE_PREFIX_PATH}:/opt/ros/humble /usr/bin/cmake /home/user/atbots_ws/src/wheels -DCMAKE_INSTALL_PREFIX=/home/user/atbots_ws/install/wheels
[1.293s] Invoking command in '/home/user/atbots_ws/build/wheels': CMAKE_PREFIX_PATH=${CMAKE_PREFIX_PATH}:/opt/ros/humble /usr/bin/cmake --build /home/user/atbots_ws/build/wheels -- -j8 -l8
[1.338s] Invoked command in '/home/user/atbots_ws/build/wheels' returned '0': CMAKE_PREFIX_PATH=${CMAKE_PREFIX_PATH}:/opt/ros/humble /usr/bin/cmake --build /home/user/atbots_ws/build/wheels -- -j8 -l8
[1.340s] Invoking command in '/home/user/atbots_ws/build/wheels': CMAKE_PREFIX_PATH=${CMAKE_PREFIX_PATH}:/opt/ros/humble /usr/bin/cmake --install /home/user/atbots_ws/build/wheels
[1.349s] -- Install configuration: ""
[1.349s] -- Installing: /home/user/atbots_ws/install/wheels/share/ament_index/resource_index/package_run_dependencies/wheels
[1.350s] -- Installing: /home/user/atbots_ws/install/wheels/share/ament_index/resource_index/parent_prefix_path/wheels
[1.350s] -- Installing: /home/user/atbots_ws/install/wheels/share/wheels/environment/ament_prefix_path.sh
[1.350s] -- Installing: /home/user/atbots_ws/install/wheels/share/wheels/environment/ament_prefix_path.dsv
[1.350s] -- Installing: /home/user/atbots_ws/install/wheels/share/wheels/environment/path.sh
[1.350s] -- Installing: /home/user/atbots_ws/install/wheels/share/wheels/environment/path.dsv
[1.351s] -- Installing: /home/user/atbots_ws/install/wheels/share/wheels/local_setup.bash
[1.351s] -- Installing: /home/user/atbots_ws/install/wheels/share/wheels/local_setup.sh
[1.351s] -- Installing: /home/user/atbots_ws/install/wheels/share/wheels/local_setup.zsh
[1.351s] -- Installing: /home/user/atbots_ws/install/wheels/share/wheels/local_setup.dsv
[1.351s] -- Installing: /home/user/atbots_ws/install/wheels/share/wheels/package.dsv
[1.351s] -- Installing: /home/user/atbots_ws/install/wheels/share/ament_index/resource_index/packages/wheels
[1.352s] -- Installing: /home/user/atbots_ws/install/wheels/share/wheels/cmake/wheelsConfig.cmake
[1.352s] -- Installing: /home/user/atbots_ws/install/wheels/share/wheels/cmake/wheelsConfig-version.cmake
[1.352s] -- Installing: /home/user/atbots_ws/install/wheels/share/wheels/package.xml
[1.355s] Invoked command in '/home/user/atbots_ws/build/wheels' returned '0': CMAKE_PREFIX_PATH=${CMAKE_PREFIX_PATH}:/opt/ros/humble /usr/bin/cmake --install /home/user/atbots_ws/build/wheels
