[0.098s] DEBUG:colcon:Command line arguments: ['/usr/bin/colcon', 'build']
[0.098s] DEBUG:colcon:Parsed command line arguments: Namespace(log_base=None, log_level=None, verb_name='build', build_base='build', install_base='install', merge_install=False, symlink_install=False, test_result_base=None, continue_on_error=False, executor='parallel', parallel_workers=8, event_handlers=None, ignore_user_meta=False, metas=['./colcon.meta'], base_paths=['.'], packages_ignore=None, packages_ignore_regex=None, paths=None, packages_up_to=None, packages_up_to_regex=None, packages_above=None, packages_above_and_dependencies=None, packages_above_depth=None, packages_select_by_dep=None, packages_skip_by_dep=None, packages_skip_up_to=None, packages_select_build_failed=False, packages_skip_build_finished=False, packages_select_test_failures=False, packages_skip_test_passed=False, packages_select=None, packages_skip=None, packages_select_regex=None, packages_skip_regex=None, packages_start=None, packages_end=None, allow_overriding=[], cmake_args=None, cmake_target=None, cmake_target_skip_unavailable=False, cmake_clean_cache=False, cmake_clean_first=False, cmake_force_configure=False, ament_cmake_args=None, catkin_cmake_args=None, catkin_skip_building_tests=False, verb_parser=<colcon_defaults.argument_parser.defaults.DefaultArgumentsDecorator object at 0x7178053a6c50>, verb_extension=<colcon_core.verb.build.BuildVerb object at 0x717805564340>, main=<bound method BuildVerb.main of <colcon_core.verb.build.BuildVerb object at 0x717805564340>>)
[0.240s] Level 1:colcon.colcon_core.package_discovery:discover_packages(colcon_meta) check parameters
[0.240s] Level 1:colcon.colcon_core.package_discovery:discover_packages(recursive) check parameters
[0.240s] Level 1:colcon.colcon_core.package_discovery:discover_packages(ignore) check parameters
[0.240s] Level 1:colcon.colcon_core.package_discovery:discover_packages(path) check parameters
[0.240s] Level 1:colcon.colcon_core.package_discovery:discover_packages(colcon_meta) discover
[0.240s] Level 1:colcon.colcon_core.package_discovery:discover_packages(recursive) discover
[0.240s] INFO:colcon.colcon_core.package_discovery:Crawling recursively for packages in '/home/user/atbots_ws'
[0.241s] Level 1:colcon.colcon_core.package_identification:_identify(.) by extensions ['ignore', 'ignore_ament_install']
[0.241s] Level 1:colcon.colcon_core.package_identification:_identify(.) by extension 'ignore'
[0.241s] Level 1:colcon.colcon_core.package_identification:_identify(.) by extension 'ignore_ament_install'
[0.241s] Level 1:colcon.colcon_core.package_identification:_identify(.) by extensions ['colcon_pkg']
[0.241s] Level 1:colcon.colcon_core.package_identification:_identify(.) by extension 'colcon_pkg'
[0.241s] Level 1:colcon.colcon_core.package_identification:_identify(.) by extensions ['colcon_meta']
[0.241s] Level 1:colcon.colcon_core.package_identification:_identify(.) by extension 'colcon_meta'
[0.241s] Level 1:colcon.colcon_core.package_identification:_identify(.) by extensions ['ros']
[0.241s] Level 1:colcon.colcon_core.package_identification:_identify(.) by extension 'ros'
[0.252s] Level 1:colcon.colcon_core.package_identification:_identify(.) by extensions ['cmake', 'python']
[0.252s] Level 1:colcon.colcon_core.package_identification:_identify(.) by extension 'cmake'
[0.252s] Level 1:colcon.colcon_core.package_identification:_identify(.) by extension 'python'
[0.252s] Level 1:colcon.colcon_core.package_identification:_identify(.) by extensions ['python_setup_py']
[0.252s] Level 1:colcon.colcon_core.package_identification:_identify(.) by extension 'python_setup_py'
[0.252s] Level 1:colcon.colcon_core.package_identification:_identify(build) by extensions ['ignore', 'ignore_ament_install']
[0.252s] Level 1:colcon.colcon_core.package_identification:_identify(build) by extension 'ignore'
[0.252s] Level 1:colcon.colcon_core.package_identification:_identify(build) ignored
[0.253s] Level 1:colcon.colcon_core.package_identification:_identify(install) by extensions ['ignore', 'ignore_ament_install']
[0.253s] Level 1:colcon.colcon_core.package_identification:_identify(install) by extension 'ignore'
[0.253s] Level 1:colcon.colcon_core.package_identification:_identify(install) ignored
[0.253s] Level 1:colcon.colcon_core.package_identification:_identify(log) by extensions ['ignore', 'ignore_ament_install']
[0.253s] Level 1:colcon.colcon_core.package_identification:_identify(log) by extension 'ignore'
[0.253s] Level 1:colcon.colcon_core.package_identification:_identify(log) ignored
[0.253s] Level 1:colcon.colcon_core.package_identification:_identify(src) by extensions ['ignore', 'ignore_ament_install']
[0.253s] Level 1:colcon.colcon_core.package_identification:_identify(src) by extension 'ignore'
[0.253s] Level 1:colcon.colcon_core.package_identification:_identify(src) by extension 'ignore_ament_install'
[0.253s] Level 1:colcon.colcon_core.package_identification:_identify(src) by extensions ['colcon_pkg']
[0.253s] Level 1:colcon.colcon_core.package_identification:_identify(src) by extension 'colcon_pkg'
[0.253s] Level 1:colcon.colcon_core.package_identification:_identify(src) by extensions ['colcon_meta']
[0.253s] Level 1:colcon.colcon_core.package_identification:_identify(src) by extension 'colcon_meta'
[0.253s] Level 1:colcon.colcon_core.package_identification:_identify(src) by extensions ['ros']
[0.253s] Level 1:colcon.colcon_core.package_identification:_identify(src) by extension 'ros'
[0.253s] Level 1:colcon.colcon_core.package_identification:_identify(src) by extensions ['cmake', 'python']
[0.253s] Level 1:colcon.colcon_core.package_identification:_identify(src) by extension 'cmake'
[0.254s] Level 1:colcon.colcon_core.package_identification:_identify(src) by extension 'python'
[0.254s] Level 1:colcon.colcon_core.package_identification:_identify(src) by extensions ['python_setup_py']
[0.254s] Level 1:colcon.colcon_core.package_identification:_identify(src) by extension 'python_setup_py'
[0.254s] Level 1:colcon.colcon_core.package_identification:_identify(src/arms) by extensions ['ignore', 'ignore_ament_install']
[0.254s] Level 1:colcon.colcon_core.package_identification:_identify(src/arms) by extension 'ignore'
[0.254s] Level 1:colcon.colcon_core.package_identification:_identify(src/arms) by extension 'ignore_ament_install'
[0.254s] Level 1:colcon.colcon_core.package_identification:_identify(src/arms) by extensions ['colcon_pkg']
[0.254s] Level 1:colcon.colcon_core.package_identification:_identify(src/arms) by extension 'colcon_pkg'
[0.254s] Level 1:colcon.colcon_core.package_identification:_identify(src/arms) by extensions ['colcon_meta']
[0.254s] Level 1:colcon.colcon_core.package_identification:_identify(src/arms) by extension 'colcon_meta'
[0.254s] Level 1:colcon.colcon_core.package_identification:_identify(src/arms) by extensions ['ros']
[0.254s] Level 1:colcon.colcon_core.package_identification:_identify(src/arms) by extension 'ros'
[0.256s] DEBUG:colcon.colcon_core.package_identification:Package 'src/arms' with type 'ros.ament_cmake' and name 'arms'
[0.257s] Level 1:colcon.colcon_core.package_identification:_identify(src/lidar) by extensions ['ignore', 'ignore_ament_install']
[0.257s] Level 1:colcon.colcon_core.package_identification:_identify(src/lidar) by extension 'ignore'
[0.257s] Level 1:colcon.colcon_core.package_identification:_identify(src/lidar) by extension 'ignore_ament_install'
[0.257s] Level 1:colcon.colcon_core.package_identification:_identify(src/lidar) by extensions ['colcon_pkg']
[0.257s] Level 1:colcon.colcon_core.package_identification:_identify(src/lidar) by extension 'colcon_pkg'
[0.257s] Level 1:colcon.colcon_core.package_identification:_identify(src/lidar) by extensions ['colcon_meta']
[0.257s] Level 1:colcon.colcon_core.package_identification:_identify(src/lidar) by extension 'colcon_meta'
[0.257s] Level 1:colcon.colcon_core.package_identification:_identify(src/lidar) by extensions ['ros']
[0.257s] Level 1:colcon.colcon_core.package_identification:_identify(src/lidar) by extension 'ros'
[0.258s] DEBUG:colcon.colcon_core.package_identification:Package 'src/lidar' with type 'ros.ament_cmake' and name 'lidar'
[0.258s] Level 1:colcon.colcon_core.package_identification:_identify(src/wheels) by extensions ['ignore', 'ignore_ament_install']
[0.258s] Level 1:colcon.colcon_core.package_identification:_identify(src/wheels) by extension 'ignore'
[0.258s] Level 1:colcon.colcon_core.package_identification:_identify(src/wheels) by extension 'ignore_ament_install'
[0.258s] Level 1:colcon.colcon_core.package_identification:_identify(src/wheels) by extensions ['colcon_pkg']
[0.258s] Level 1:colcon.colcon_core.package_identification:_identify(src/wheels) by extension 'colcon_pkg'
[0.258s] Level 1:colcon.colcon_core.package_identification:_identify(src/wheels) by extensions ['colcon_meta']
[0.258s] Level 1:colcon.colcon_core.package_identification:_identify(src/wheels) by extension 'colcon_meta'
[0.258s] Level 1:colcon.colcon_core.package_identification:_identify(src/wheels) by extensions ['ros']
[0.258s] Level 1:colcon.colcon_core.package_identification:_identify(src/wheels) by extension 'ros'
[0.259s] DEBUG:colcon.colcon_core.package_identification:Package 'src/wheels' with type 'ros.ament_cmake' and name 'wheels'
[0.259s] Level 1:colcon.colcon_core.package_discovery:discover_packages(recursive) using defaults
[0.259s] Level 1:colcon.colcon_core.package_discovery:discover_packages(ignore) discover
[0.259s] Level 1:colcon.colcon_core.package_discovery:discover_packages(ignore) using defaults
[0.259s] Level 1:colcon.colcon_core.package_discovery:discover_packages(path) discover
[0.259s] Level 1:colcon.colcon_core.package_discovery:discover_packages(path) using defaults
[0.277s] Level 1:colcon.colcon_core.package_discovery:discover_packages(prefix_path) check parameters
[0.277s] Level 1:colcon.colcon_core.package_discovery:discover_packages(prefix_path) discover
[0.280s] DEBUG:colcon.colcon_installed_package_information.package_discovery:Found 273 installed packages in /opt/ros/humble
[0.291s] Level 1:colcon.colcon_core.package_discovery:discover_packages(prefix_path) using defaults
[0.327s] Level 5:colcon.colcon_core.verb:set package 'arms' build argument 'cmake_args' from command line to 'None'
[0.327s] Level 5:colcon.colcon_core.verb:set package 'arms' build argument 'cmake_target' from command line to 'None'
[0.327s] Level 5:colcon.colcon_core.verb:set package 'arms' build argument 'cmake_target_skip_unavailable' from command line to 'False'
[0.327s] Level 5:colcon.colcon_core.verb:set package 'arms' build argument 'cmake_clean_cache' from command line to 'False'
[0.327s] Level 5:colcon.colcon_core.verb:set package 'arms' build argument 'cmake_clean_first' from command line to 'False'
[0.327s] Level 5:colcon.colcon_core.verb:set package 'arms' build argument 'cmake_force_configure' from command line to 'False'
[0.327s] Level 5:colcon.colcon_core.verb:set package 'arms' build argument 'ament_cmake_args' from command line to 'None'
[0.327s] Level 5:colcon.colcon_core.verb:set package 'arms' build argument 'catkin_cmake_args' from command line to 'None'
[0.327s] Level 5:colcon.colcon_core.verb:set package 'arms' build argument 'catkin_skip_building_tests' from command line to 'False'
[0.327s] DEBUG:colcon.colcon_core.verb:Building package 'arms' with the following arguments: {'ament_cmake_args': None, 'build_base': '/home/user/atbots_ws/build/arms', 'catkin_cmake_args': None, 'catkin_skip_building_tests': False, 'cmake_args': None, 'cmake_clean_cache': False, 'cmake_clean_first': False, 'cmake_force_configure': False, 'cmake_target': None, 'cmake_target_skip_unavailable': False, 'install_base': '/home/user/atbots_ws/install/arms', 'merge_install': False, 'path': '/home/user/atbots_ws/src/arms', 'symlink_install': False, 'test_result_base': None}
[0.327s] Level 5:colcon.colcon_core.verb:set package 'lidar' build argument 'cmake_args' from command line to 'None'
[0.327s] Level 5:colcon.colcon_core.verb:set package 'lidar' build argument 'cmake_target' from command line to 'None'
[0.327s] Level 5:colcon.colcon_core.verb:set package 'lidar' build argument 'cmake_target_skip_unavailable' from command line to 'False'
[0.327s] Level 5:colcon.colcon_core.verb:set package 'lidar' build argument 'cmake_clean_cache' from command line to 'False'
[0.327s] Level 5:colcon.colcon_core.verb:set package 'lidar' build argument 'cmake_clean_first' from command line to 'False'
[0.327s] Level 5:colcon.colcon_core.verb:set package 'lidar' build argument 'cmake_force_configure' from command line to 'False'
[0.327s] Level 5:colcon.colcon_core.verb:set package 'lidar' build argument 'ament_cmake_args' from command line to 'None'
[0.327s] Level 5:colcon.colcon_core.verb:set package 'lidar' build argument 'catkin_cmake_args' from command line to 'None'
[0.327s] Level 5:colcon.colcon_core.verb:set package 'lidar' build argument 'catkin_skip_building_tests' from command line to 'False'
[0.327s] DEBUG:colcon.colcon_core.verb:Building package 'lidar' with the following arguments: {'ament_cmake_args': None, 'build_base': '/home/user/atbots_ws/build/lidar', 'catkin_cmake_args': None, 'catkin_skip_building_tests': False, 'cmake_args': None, 'cmake_clean_cache': False, 'cmake_clean_first': False, 'cmake_force_configure': False, 'cmake_target': None, 'cmake_target_skip_unavailable': False, 'install_base': '/home/user/atbots_ws/install/lidar', 'merge_install': False, 'path': '/home/user/atbots_ws/src/lidar', 'symlink_install': False, 'test_result_base': None}
[0.328s] Level 5:colcon.colcon_core.verb:set package 'wheels' build argument 'cmake_args' from command line to 'None'
[0.328s] Level 5:colcon.colcon_core.verb:set package 'wheels' build argument 'cmake_target' from command line to 'None'
[0.328s] Level 5:colcon.colcon_core.verb:set package 'wheels' build argument 'cmake_target_skip_unavailable' from command line to 'False'
[0.328s] Level 5:colcon.colcon_core.verb:set package 'wheels' build argument 'cmake_clean_cache' from command line to 'False'
[0.328s] Level 5:colcon.colcon_core.verb:set package 'wheels' build argument 'cmake_clean_first' from command line to 'False'
[0.328s] Level 5:colcon.colcon_core.verb:set package 'wheels' build argument 'cmake_force_configure' from command line to 'False'
[0.328s] Level 5:colcon.colcon_core.verb:set package 'wheels' build argument 'ament_cmake_args' from command line to 'None'
[0.328s] Level 5:colcon.colcon_core.verb:set package 'wheels' build argument 'catkin_cmake_args' from command line to 'None'
[0.328s] Level 5:colcon.colcon_core.verb:set package 'wheels' build argument 'catkin_skip_building_tests' from command line to 'False'
[0.328s] DEBUG:colcon.colcon_core.verb:Building package 'wheels' with the following arguments: {'ament_cmake_args': None, 'build_base': '/home/user/atbots_ws/build/wheels', 'catkin_cmake_args': None, 'catkin_skip_building_tests': False, 'cmake_args': None, 'cmake_clean_cache': False, 'cmake_clean_first': False, 'cmake_force_configure': False, 'cmake_target': None, 'cmake_target_skip_unavailable': False, 'install_base': '/home/user/atbots_ws/install/wheels', 'merge_install': False, 'path': '/home/user/atbots_ws/src/wheels', 'symlink_install': False, 'test_result_base': None}
[0.328s] INFO:colcon.colcon_core.executor:Executing jobs using 'parallel' executor
[0.329s] DEBUG:colcon.colcon_parallel_executor.executor.parallel:run_until_complete
[0.329s] INFO:colcon.colcon_ros.task.ament_cmake.build:Building ROS package in '/home/user/atbots_ws/src/arms' with build type 'ament_cmake'
[0.330s] INFO:colcon.colcon_cmake.task.cmake.build:Building CMake package in '/home/user/atbots_ws/src/arms'
[0.332s] INFO:colcon.colcon_core.plugin_system:Skipping extension 'colcon_core.shell.bat': Not used on non-Windows systems
[0.332s] INFO:colcon.colcon_core.shell:Skip shell extension 'powershell' for command environment: Not usable outside of PowerShell
[0.332s] DEBUG:colcon.colcon_core.shell:Skip shell extension 'dsv' for command environment
[0.335s] INFO:colcon.colcon_ros.task.ament_cmake.build:Building ROS package in '/home/user/atbots_ws/src/lidar' with build type 'ament_cmake'
[0.335s] INFO:colcon.colcon_cmake.task.cmake.build:Building CMake package in '/home/user/atbots_ws/src/lidar'
[0.335s] INFO:colcon.colcon_core.shell:Skip shell extension 'powershell' for command environment: Not usable outside of PowerShell
[0.336s] DEBUG:colcon.colcon_core.shell:Skip shell extension 'dsv' for command environment
[0.339s] INFO:colcon.colcon_ros.task.ament_cmake.build:Building ROS package in '/home/user/atbots_ws/src/wheels' with build type 'ament_cmake'
[0.339s] INFO:colcon.colcon_cmake.task.cmake.build:Building CMake package in '/home/user/atbots_ws/src/wheels'
[0.339s] INFO:colcon.colcon_core.shell:Skip shell extension 'powershell' for command environment: Not usable outside of PowerShell
[0.339s] DEBUG:colcon.colcon_core.shell:Skip shell extension 'dsv' for command environment
[0.350s] DEBUG:colcon.colcon_core.event_handler.log_command:Invoking command in '/home/user/atbots_ws/build/arms': CMAKE_PREFIX_PATH=/opt/ros/humble /usr/bin/cmake --build /home/user/atbots_ws/build/arms -- -j8 -l8
[0.355s] DEBUG:colcon.colcon_core.event_handler.log_command:Invoking command in '/home/user/atbots_ws/build/lidar': CMAKE_PREFIX_PATH=/opt/ros/humble /usr/bin/cmake --build /home/user/atbots_ws/build/lidar -- -j8 -l8
[0.362s] DEBUG:colcon.colcon_core.event_handler.log_command:Invoking command in '/home/user/atbots_ws/build/wheels': CMAKE_PREFIX_PATH=/opt/ros/humble /usr/bin/cmake --build /home/user/atbots_ws/build/wheels -- -j8 -l8
[0.403s] DEBUG:colcon.colcon_core.event_handler.log_command:Invoked command in '/home/user/atbots_ws/build/arms' returned '0': CMAKE_PREFIX_PATH=/opt/ros/humble /usr/bin/cmake --build /home/user/atbots_ws/build/arms -- -j8 -l8
[0.415s] DEBUG:colcon.colcon_core.event_handler.log_command:Invoking command in '/home/user/atbots_ws/build/arms': CMAKE_PREFIX_PATH=/opt/ros/humble /usr/bin/cmake --install /home/user/atbots_ws/build/arms
[0.418s] DEBUG:colcon.colcon_core.event_handler.log_command:Invoked command in '/home/user/atbots_ws/build/wheels' returned '0': CMAKE_PREFIX_PATH=/opt/ros/humble /usr/bin/cmake --build /home/user/atbots_ws/build/wheels -- -j8 -l8
[0.420s] DEBUG:colcon.colcon_core.event_handler.log_command:Invoking command in '/home/user/atbots_ws/build/wheels': CMAKE_PREFIX_PATH=/opt/ros/humble /usr/bin/cmake --install /home/user/atbots_ws/build/wheels
[0.421s] DEBUG:colcon.colcon_core.event_handler.log_command:Invoked command in '/home/user/atbots_ws/build/lidar' returned '0': CMAKE_PREFIX_PATH=/opt/ros/humble /usr/bin/cmake --build /home/user/atbots_ws/build/lidar -- -j8 -l8
[0.424s] DEBUG:colcon.colcon_core.event_handler.log_command:Invoking command in '/home/user/atbots_ws/build/lidar': CMAKE_PREFIX_PATH=/opt/ros/humble /usr/bin/cmake --install /home/user/atbots_ws/build/lidar
[0.429s] Level 1:colcon.colcon_core.environment:create_environment_scripts_only(arms)
[0.430s] DEBUG:colcon.colcon_core.event_handler.log_command:Invoked command in '/home/user/atbots_ws/build/arms' returned '0': CMAKE_PREFIX_PATH=/opt/ros/humble /usr/bin/cmake --install /home/user/atbots_ws/build/arms
[0.439s] Level 1:colcon.colcon_core.environment:checking '/home/user/atbots_ws/install/arms' for CMake module files
[0.440s] Level 1:colcon.colcon_core.environment:checking '/home/user/atbots_ws/install/arms' for CMake config files
[0.440s] Level 1:colcon.colcon_core.shell:create_environment_hook('arms', 'cmake_prefix_path')
[0.440s] INFO:colcon.colcon_core.shell:Creating environment hook '/home/user/atbots_ws/install/arms/share/arms/hook/cmake_prefix_path.ps1'
[0.441s] INFO:colcon.colcon_core.shell:Creating environment descriptor '/home/user/atbots_ws/install/arms/share/arms/hook/cmake_prefix_path.dsv'
[0.441s] INFO:colcon.colcon_core.shell:Creating environment hook '/home/user/atbots_ws/install/arms/share/arms/hook/cmake_prefix_path.sh'
[0.442s] Level 1:colcon.colcon_core.environment:checking '/home/user/atbots_ws/install/arms/lib'
[0.443s] Level 1:colcon.colcon_core.environment:checking '/home/user/atbots_ws/install/arms/bin'
[0.443s] Level 1:colcon.colcon_core.environment:checking '/home/user/atbots_ws/install/arms/lib/pkgconfig/arms.pc'
[0.443s] Level 1:colcon.colcon_core.environment:checking '/home/user/atbots_ws/install/arms/lib/python3.10/site-packages'
[0.443s] Level 1:colcon.colcon_core.environment:checking '/home/user/atbots_ws/install/arms/bin'
[0.444s] INFO:colcon.colcon_core.shell:Creating package script '/home/user/atbots_ws/install/arms/share/arms/package.ps1'
[0.445s] INFO:colcon.colcon_core.shell:Creating package descriptor '/home/user/atbots_ws/install/arms/share/arms/package.dsv'
[0.446s] INFO:colcon.colcon_core.shell:Creating package script '/home/user/atbots_ws/install/arms/share/arms/package.sh'
[0.446s] INFO:colcon.colcon_core.shell:Creating package script '/home/user/atbots_ws/install/arms/share/arms/package.bash'
[0.447s] INFO:colcon.colcon_core.shell:Creating package script '/home/user/atbots_ws/install/arms/share/arms/package.zsh'
[0.448s] Level 1:colcon.colcon_core.environment:create_file_with_runtime_dependencies(/home/user/atbots_ws/install/arms/share/colcon-core/packages/arms)
[0.449s] Level 1:colcon.colcon_core.environment:create_environment_scripts_only(arms)
[0.449s] Level 1:colcon.colcon_core.environment:checking '/home/user/atbots_ws/install/arms' for CMake module files
[0.450s] Level 1:colcon.colcon_core.environment:checking '/home/user/atbots_ws/install/arms' for CMake config files
[0.450s] Level 1:colcon.colcon_core.shell:create_environment_hook('arms', 'cmake_prefix_path')
[0.450s] INFO:colcon.colcon_core.shell:Creating environment hook '/home/user/atbots_ws/install/arms/share/arms/hook/cmake_prefix_path.ps1'
[0.451s] INFO:colcon.colcon_core.shell:Creating environment descriptor '/home/user/atbots_ws/install/arms/share/arms/hook/cmake_prefix_path.dsv'
[0.451s] INFO:colcon.colcon_core.shell:Creating environment hook '/home/user/atbots_ws/install/arms/share/arms/hook/cmake_prefix_path.sh'
[0.452s] Level 1:colcon.colcon_core.environment:checking '/home/user/atbots_ws/install/arms/lib'
[0.452s] Level 1:colcon.colcon_core.environment:checking '/home/user/atbots_ws/install/arms/bin'
[0.452s] Level 1:colcon.colcon_core.environment:checking '/home/user/atbots_ws/install/arms/lib/pkgconfig/arms.pc'
[0.452s] Level 1:colcon.colcon_core.environment:checking '/home/user/atbots_ws/install/arms/lib/python3.10/site-packages'
[0.452s] Level 1:colcon.colcon_core.environment:checking '/home/user/atbots_ws/install/arms/bin'
[0.453s] INFO:colcon.colcon_core.shell:Creating package script '/home/user/atbots_ws/install/arms/share/arms/package.ps1'
[0.453s] INFO:colcon.colcon_core.shell:Creating package descriptor '/home/user/atbots_ws/install/arms/share/arms/package.dsv'
[0.454s] INFO:colcon.colcon_core.shell:Creating package script '/home/user/atbots_ws/install/arms/share/arms/package.sh'
[0.454s] INFO:colcon.colcon_core.shell:Creating package script '/home/user/atbots_ws/install/arms/share/arms/package.bash'
[0.454s] INFO:colcon.colcon_core.shell:Creating package script '/home/user/atbots_ws/install/arms/share/arms/package.zsh'
[0.455s] Level 1:colcon.colcon_core.environment:create_file_with_runtime_dependencies(/home/user/atbots_ws/install/arms/share/colcon-core/packages/arms)
[0.458s] Level 1:colcon.colcon_core.environment:create_environment_scripts_only(lidar)
[0.458s] Level 1:colcon.colcon_core.environment:checking '/home/user/atbots_ws/install/lidar' for CMake module files
[0.459s] DEBUG:colcon.colcon_core.event_handler.log_command:Invoked command in '/home/user/atbots_ws/build/lidar' returned '0': CMAKE_PREFIX_PATH=/opt/ros/humble /usr/bin/cmake --install /home/user/atbots_ws/build/lidar
[0.459s] Level 1:colcon.colcon_core.environment:checking '/home/user/atbots_ws/install/lidar' for CMake config files
[0.460s] Level 1:colcon.colcon_core.shell:create_environment_hook('lidar', 'cmake_prefix_path')
[0.460s] INFO:colcon.colcon_core.shell:Creating environment hook '/home/user/atbots_ws/install/lidar/share/lidar/hook/cmake_prefix_path.ps1'
[0.460s] INFO:colcon.colcon_core.shell:Creating environment descriptor '/home/user/atbots_ws/install/lidar/share/lidar/hook/cmake_prefix_path.dsv'
[0.461s] INFO:colcon.colcon_core.shell:Creating environment hook '/home/user/atbots_ws/install/lidar/share/lidar/hook/cmake_prefix_path.sh'
[0.462s] Level 1:colcon.colcon_core.environment:checking '/home/user/atbots_ws/install/lidar/lib'
[0.462s] Level 1:colcon.colcon_core.environment:checking '/home/user/atbots_ws/install/lidar/bin'
[0.462s] Level 1:colcon.colcon_core.environment:checking '/home/user/atbots_ws/install/lidar/lib/pkgconfig/lidar.pc'
[0.462s] Level 1:colcon.colcon_core.environment:checking '/home/user/atbots_ws/install/lidar/lib/python3.10/site-packages'
[0.463s] Level 1:colcon.colcon_core.environment:checking '/home/user/atbots_ws/install/lidar/bin'
[0.463s] INFO:colcon.colcon_core.shell:Creating package script '/home/user/atbots_ws/install/lidar/share/lidar/package.ps1'
[0.464s] INFO:colcon.colcon_core.shell:Creating package descriptor '/home/user/atbots_ws/install/lidar/share/lidar/package.dsv'
[0.464s] INFO:colcon.colcon_core.shell:Creating package script '/home/user/atbots_ws/install/lidar/share/lidar/package.sh'
[0.465s] INFO:colcon.colcon_core.shell:Creating package script '/home/user/atbots_ws/install/lidar/share/lidar/package.bash'
[0.465s] INFO:colcon.colcon_core.shell:Creating package script '/home/user/atbots_ws/install/lidar/share/lidar/package.zsh'
[0.465s] Level 1:colcon.colcon_core.environment:create_file_with_runtime_dependencies(/home/user/atbots_ws/install/lidar/share/colcon-core/packages/lidar)
[0.466s] Level 1:colcon.colcon_core.environment:create_environment_scripts_only(lidar)
[0.466s] Level 1:colcon.colcon_core.environment:checking '/home/user/atbots_ws/install/lidar' for CMake module files
[0.467s] Level 1:colcon.colcon_core.environment:checking '/home/user/atbots_ws/install/lidar' for CMake config files
[0.467s] Level 1:colcon.colcon_core.shell:create_environment_hook('lidar', 'cmake_prefix_path')
[0.467s] INFO:colcon.colcon_core.shell:Creating environment hook '/home/user/atbots_ws/install/lidar/share/lidar/hook/cmake_prefix_path.ps1'
[0.467s] INFO:colcon.colcon_core.shell:Creating environment descriptor '/home/user/atbots_ws/install/lidar/share/lidar/hook/cmake_prefix_path.dsv'
[0.468s] INFO:colcon.colcon_core.shell:Creating environment hook '/home/user/atbots_ws/install/lidar/share/lidar/hook/cmake_prefix_path.sh'
[0.468s] Level 1:colcon.colcon_core.environment:checking '/home/user/atbots_ws/install/lidar/lib'
[0.468s] Level 1:colcon.colcon_core.environment:checking '/home/user/atbots_ws/install/lidar/bin'
[0.468s] Level 1:colcon.colcon_core.environment:checking '/home/user/atbots_ws/install/lidar/lib/pkgconfig/lidar.pc'
[0.469s] Level 1:colcon.colcon_core.environment:checking '/home/user/atbots_ws/install/lidar/lib/python3.10/site-packages'
[0.469s] Level 1:colcon.colcon_core.environment:checking '/home/user/atbots_ws/install/lidar/bin'
[0.469s] INFO:colcon.colcon_core.shell:Creating package script '/home/user/atbots_ws/install/lidar/share/lidar/package.ps1'
[0.470s] INFO:colcon.colcon_core.shell:Creating package descriptor '/home/user/atbots_ws/install/lidar/share/lidar/package.dsv'
[0.470s] INFO:colcon.colcon_core.shell:Creating package script '/home/user/atbots_ws/install/lidar/share/lidar/package.sh'
[0.471s] INFO:colcon.colcon_core.shell:Creating package script '/home/user/atbots_ws/install/lidar/share/lidar/package.bash'
[0.471s] INFO:colcon.colcon_core.shell:Creating package script '/home/user/atbots_ws/install/lidar/share/lidar/package.zsh'
[0.471s] Level 1:colcon.colcon_core.environment:create_file_with_runtime_dependencies(/home/user/atbots_ws/install/lidar/share/colcon-core/packages/lidar)
[0.472s] Level 1:colcon.colcon_core.environment:create_environment_scripts_only(wheels)
[0.472s] Level 1:colcon.colcon_core.environment:checking '/home/user/atbots_ws/install/wheels' for CMake module files
[0.473s] Level 1:colcon.colcon_core.environment:checking '/home/user/atbots_ws/install/wheels' for CMake config files
[0.473s] DEBUG:colcon.colcon_core.event_handler.log_command:Invoked command in '/home/user/atbots_ws/build/wheels' returned '0': CMAKE_PREFIX_PATH=/opt/ros/humble /usr/bin/cmake --install /home/user/atbots_ws/build/wheels
[0.474s] Level 1:colcon.colcon_core.shell:create_environment_hook('wheels', 'cmake_prefix_path')
[0.474s] INFO:colcon.colcon_core.shell:Creating environment hook '/home/user/atbots_ws/install/wheels/share/wheels/hook/cmake_prefix_path.ps1'
[0.475s] INFO:colcon.colcon_core.shell:Creating environment descriptor '/home/user/atbots_ws/install/wheels/share/wheels/hook/cmake_prefix_path.dsv'
[0.475s] INFO:colcon.colcon_core.shell:Creating environment hook '/home/user/atbots_ws/install/wheels/share/wheels/hook/cmake_prefix_path.sh'
[0.475s] Level 1:colcon.colcon_core.environment:checking '/home/user/atbots_ws/install/wheels/lib'
[0.476s] Level 1:colcon.colcon_core.environment:checking '/home/user/atbots_ws/install/wheels/bin'
[0.476s] Level 1:colcon.colcon_core.environment:checking '/home/user/atbots_ws/install/wheels/lib/pkgconfig/wheels.pc'
[0.476s] Level 1:colcon.colcon_core.environment:checking '/home/user/atbots_ws/install/wheels/lib/python3.10/site-packages'
[0.476s] Level 1:colcon.colcon_core.environment:checking '/home/user/atbots_ws/install/wheels/bin'
[0.476s] INFO:colcon.colcon_core.shell:Creating package script '/home/user/atbots_ws/install/wheels/share/wheels/package.ps1'
[0.477s] INFO:colcon.colcon_core.shell:Creating package descriptor '/home/user/atbots_ws/install/wheels/share/wheels/package.dsv'
[0.477s] INFO:colcon.colcon_core.shell:Creating package script '/home/user/atbots_ws/install/wheels/share/wheels/package.sh'
[0.478s] INFO:colcon.colcon_core.shell:Creating package script '/home/user/atbots_ws/install/wheels/share/wheels/package.bash'
[0.478s] INFO:colcon.colcon_core.shell:Creating package script '/home/user/atbots_ws/install/wheels/share/wheels/package.zsh'
[0.478s] Level 1:colcon.colcon_core.environment:create_file_with_runtime_dependencies(/home/user/atbots_ws/install/wheels/share/colcon-core/packages/wheels)
[0.479s] Level 1:colcon.colcon_core.environment:create_environment_scripts_only(wheels)
[0.479s] Level 1:colcon.colcon_core.environment:checking '/home/user/atbots_ws/install/wheels' for CMake module files
[0.480s] Level 1:colcon.colcon_core.environment:checking '/home/user/atbots_ws/install/wheels' for CMake config files
[0.480s] Level 1:colcon.colcon_core.shell:create_environment_hook('wheels', 'cmake_prefix_path')
[0.480s] INFO:colcon.colcon_core.shell:Creating environment hook '/home/user/atbots_ws/install/wheels/share/wheels/hook/cmake_prefix_path.ps1'
[0.480s] INFO:colcon.colcon_core.shell:Creating environment descriptor '/home/user/atbots_ws/install/wheels/share/wheels/hook/cmake_prefix_path.dsv'
[0.481s] INFO:colcon.colcon_core.shell:Creating environment hook '/home/user/atbots_ws/install/wheels/share/wheels/hook/cmake_prefix_path.sh'
[0.481s] Level 1:colcon.colcon_core.environment:checking '/home/user/atbots_ws/install/wheels/lib'
[0.481s] Level 1:colcon.colcon_core.environment:checking '/home/user/atbots_ws/install/wheels/bin'
[0.481s] Level 1:colcon.colcon_core.environment:checking '/home/user/atbots_ws/install/wheels/lib/pkgconfig/wheels.pc'
[0.481s] Level 1:colcon.colcon_core.environment:checking '/home/user/atbots_ws/install/wheels/lib/python3.10/site-packages'
[0.482s] Level 1:colcon.colcon_core.environment:checking '/home/user/atbots_ws/install/wheels/bin'
[0.482s] INFO:colcon.colcon_core.shell:Creating package script '/home/user/atbots_ws/install/wheels/share/wheels/package.ps1'
[0.483s] INFO:colcon.colcon_core.shell:Creating package descriptor '/home/user/atbots_ws/install/wheels/share/wheels/package.dsv'
[0.483s] INFO:colcon.colcon_core.shell:Creating package script '/home/user/atbots_ws/install/wheels/share/wheels/package.sh'
[0.483s] INFO:colcon.colcon_core.shell:Creating package script '/home/user/atbots_ws/install/wheels/share/wheels/package.bash'
[0.484s] INFO:colcon.colcon_core.shell:Creating package script '/home/user/atbots_ws/install/wheels/share/wheels/package.zsh'
[0.484s] Level 1:colcon.colcon_core.environment:create_file_with_runtime_dependencies(/home/user/atbots_ws/install/wheels/share/colcon-core/packages/wheels)
[0.484s] DEBUG:colcon.colcon_parallel_executor.executor.parallel:closing loop
[0.485s] DEBUG:colcon.colcon_parallel_executor.executor.parallel:loop closed
[0.485s] DEBUG:colcon.colcon_parallel_executor.executor.parallel:run_until_complete finished with '0'
[0.485s] DEBUG:colcon.colcon_core.event_reactor:joining thread
[0.493s] INFO:colcon.colcon_core.plugin_system:Skipping extension 'colcon_notification.desktop_notification.terminal_notifier': Not used on non-Darwin systems
[0.493s] INFO:colcon.colcon_core.plugin_system:Skipping extension 'colcon_notification.desktop_notification.win32': Not used on non-Windows systems
[0.493s] INFO:colcon.colcon_notification.desktop_notification:Sending desktop notification using 'notify2'
[0.508s] DEBUG:colcon.colcon_core.event_reactor:joined thread
[0.509s] INFO:colcon.colcon_core.shell:Creating prefix script '/home/user/atbots_ws/install/local_setup.ps1'
[0.510s] INFO:colcon.colcon_core.shell:Creating prefix util module '/home/user/atbots_ws/install/_local_setup_util_ps1.py'
[0.512s] INFO:colcon.colcon_core.shell:Creating prefix chain script '/home/user/atbots_ws/install/setup.ps1'
[0.514s] INFO:colcon.colcon_core.shell:Creating prefix script '/home/user/atbots_ws/install/local_setup.sh'
[0.516s] INFO:colcon.colcon_core.shell:Creating prefix util module '/home/user/atbots_ws/install/_local_setup_util_sh.py'
[0.517s] INFO:colcon.colcon_core.shell:Creating prefix chain script '/home/user/atbots_ws/install/setup.sh'
[0.518s] INFO:colcon.colcon_core.shell:Creating prefix script '/home/user/atbots_ws/install/local_setup.bash'
[0.518s] INFO:colcon.colcon_core.shell:Creating prefix chain script '/home/user/atbots_ws/install/setup.bash'
[0.519s] INFO:colcon.colcon_core.shell:Creating prefix script '/home/user/atbots_ws/install/local_setup.zsh'
[0.520s] INFO:colcon.colcon_core.shell:Creating prefix chain script '/home/user/atbots_ws/install/setup.zsh'
