[0.024s] Invoking command in '/home/user/atbots_ws/build/arms': CMAKE_PREFIX_PATH=${CMAKE_PREFIX_PATH}:/opt/ros/humble /usr/bin/cmake --build /home/user/atbots_ws/build/arms -- -j8 -l8
[0.059s] -- Found ament_cmake: 1.3.14 (/opt/ros/humble/share/ament_cmake/cmake)
[0.234s] -- Found rclcpp: 16.0.19 (/opt/ros/humble/share/rclcpp/cmake)
[0.264s] -- Found rosidl_generator_c: 3.1.8 (/opt/ros/humble/share/rosidl_generator_c/cmake)
[0.266s] -- Found rosidl_adapter: 3.1.8 (/opt/ros/humble/share/rosidl_adapter/cmake)
[0.272s] -- Found rosidl_generator_cpp: 3.1.8 (/opt/ros/humble/share/rosidl_generator_cpp/cmake)
[0.281s] -- Using all available rosidl_typesupport_c: rosidl_typesupport_fastrtps_c;rosidl_typesupport_introspection_c
[0.294s] -- Using all available rosidl_typesupport_cpp: rosidl_typesupport_fastrtps_cpp;rosidl_typesupport_introspection_cpp
[0.327s] -- Found rmw_implementation_cmake: 6.1.2 (/opt/ros/humble/share/rmw_implementation_cmake/cmake)
[0.328s] -- Found rmw_fastrtps_cpp: 6.2.10 (/opt/ros/humble/share/rmw_fastrtps_cpp/cmake)
[0.425s] -- Using RMW implementation 'rmw_fastrtps_cpp' as default
[0.479s] -- Found sensor_msgs: 4.9.1 (/opt/ros/humble/share/sensor_msgs/cmake)
[0.509s] -- Found ament_lint_auto: 0.12.15 (/opt/ros/humble/share/ament_lint_auto/cmake)
[0.583s] -- Added test 'flake8' to check Python code syntax and style conventions
[0.584s] -- Added test 'lint_cmake' to check CMake code style
[0.584s] -- Added test 'pep257' to check Python code against some of the docstring style conventions in PEP 257
[0.585s] -- Added test 'xmllint' to check XML markup files
[0.586s] -- Configuring done
[0.591s] -- Generating done
[0.593s] -- Build files have been written to: /home/user/atbots_ws/build/arms
[0.623s] Invoked command in '/home/user/atbots_ws/build/arms' returned '0': CMAKE_PREFIX_PATH=${CMAKE_PREFIX_PATH}:/opt/ros/humble /usr/bin/cmake --build /home/user/atbots_ws/build/arms -- -j8 -l8
[0.626s] Invoking command in '/home/user/atbots_ws/build/arms': CMAKE_PREFIX_PATH=${CMAKE_PREFIX_PATH}:/opt/ros/humble /usr/bin/cmake --install /home/user/atbots_ws/build/arms
[0.637s] -- Install configuration: ""
[0.637s] -- Installing: /home/user/atbots_ws/install/arms/share/arms/scripts
[0.637s] -- Installing: /home/user/atbots_ws/install/arms/share/arms/scripts/arms.py
[0.637s] -- Installing: /home/user/atbots_ws/install/arms/lib/arms/arms.py
[0.638s] -- Up-to-date: /home/user/atbots_ws/install/arms/share/ament_index/resource_index/package_run_dependencies/arms
[0.638s] -- Up-to-date: /home/user/atbots_ws/install/arms/share/ament_index/resource_index/parent_prefix_path/arms
[0.638s] -- Up-to-date: /home/user/atbots_ws/install/arms/share/arms/environment/ament_prefix_path.sh
[0.638s] -- Installing: /home/user/atbots_ws/install/arms/share/arms/environment/ament_prefix_path.dsv
[0.638s] -- Up-to-date: /home/user/atbots_ws/install/arms/share/arms/environment/path.sh
[0.639s] -- Installing: /home/user/atbots_ws/install/arms/share/arms/environment/path.dsv
[0.639s] -- Up-to-date: /home/user/atbots_ws/install/arms/share/arms/local_setup.bash
[0.639s] -- Up-to-date: /home/user/atbots_ws/install/arms/share/arms/local_setup.sh
[0.639s] -- Up-to-date: /home/user/atbots_ws/install/arms/share/arms/local_setup.zsh
[0.639s] -- Installing: /home/user/atbots_ws/install/arms/share/arms/local_setup.dsv
[0.639s] -- Installing: /home/user/atbots_ws/install/arms/share/arms/package.dsv
[0.640s] -- Up-to-date: /home/user/atbots_ws/install/arms/share/ament_index/resource_index/packages/arms
[0.640s] -- Up-to-date: /home/user/atbots_ws/install/arms/share/arms/cmake/armsConfig.cmake
[0.640s] -- Up-to-date: /home/user/atbots_ws/install/arms/share/arms/cmake/armsConfig-version.cmake
[0.640s] -- Up-to-date: /home/user/atbots_ws/install/arms/share/arms/package.xml
[0.642s] Invoked command in '/home/user/atbots_ws/build/arms' returned '0': CMAKE_PREFIX_PATH=${CMAKE_PREFIX_PATH}:/opt/ros/humble /usr/bin/cmake --install /home/user/atbots_ws/build/arms
