[0.011s] Invoking command in '/home/user/atbots_ws/build/lidar': CMAKE_PREFIX_PATH=${CMAKE_PREFIX_PATH}:/opt/ros/humble /usr/bin/cmake --build /home/user/atbots_ws/build/lidar -- -j8 -l8
[0.041s] -- Found ament_cmake: 1.3.14 (/opt/ros/humble/share/ament_cmake/cmake)
[0.179s] -- Found rclcpp: 16.0.19 (/opt/ros/humble/share/rclcpp/cmake)
[0.211s] -- Found rosidl_generator_c: 3.1.8 (/opt/ros/humble/share/rosidl_generator_c/cmake)
[0.213s] -- Found rosidl_adapter: 3.1.8 (/opt/ros/humble/share/rosidl_adapter/cmake)
[0.220s] -- Found rosidl_generator_cpp: 3.1.8 (/opt/ros/humble/share/rosidl_generator_cpp/cmake)
[0.230s] -- Using all available rosidl_typesupport_c: rosidl_typesupport_fastrtps_c;rosidl_typesupport_introspection_c
[0.244s] -- Using all available rosidl_typesupport_cpp: rosidl_typesupport_fastrtps_cpp;rosidl_typesupport_introspection_cpp
[0.276s] -- Found rmw_implementation_cmake: 6.1.2 (/opt/ros/humble/share/rmw_implementation_cmake/cmake)
[0.277s] -- Found rmw_fastrtps_cpp: 6.2.10 (/opt/ros/humble/share/rmw_fastrtps_cpp/cmake)
[0.380s] -- Using RMW implementation 'rmw_fastrtps_cpp' as default
[0.433s] -- Found sensor_msgs: 4.9.1 (/opt/ros/humble/share/sensor_msgs/cmake)
[0.463s] -- Found ament_lint_auto: 0.12.15 (/opt/ros/humble/share/ament_lint_auto/cmake)
[0.539s] -- Added test 'flake8' to check Python code syntax and style conventions
[0.540s] -- Added test 'lint_cmake' to check CMake code style
[0.540s] -- Added test 'pep257' to check Python code against some of the docstring style conventions in PEP 257
[0.541s] -- Added test 'xmllint' to check XML markup files
[0.542s] -- Configuring done
[0.548s] -- Generating done
[0.551s] -- Build files have been written to: /home/user/atbots_ws/build/lidar
[0.581s] Invoked command in '/home/user/atbots_ws/build/lidar' returned '0': CMAKE_PREFIX_PATH=${CMAKE_PREFIX_PATH}:/opt/ros/humble /usr/bin/cmake --build /home/user/atbots_ws/build/lidar -- -j8 -l8
[0.593s] Invoking command in '/home/user/atbots_ws/build/lidar': CMAKE_PREFIX_PATH=${CMAKE_PREFIX_PATH}:/opt/ros/humble /usr/bin/cmake --install /home/user/atbots_ws/build/lidar
[0.601s] -- Install configuration: ""
[0.601s] -- Installing: /home/user/atbots_ws/install/lidar/share/lidar/scripts
[0.601s] -- Installing: /home/user/atbots_ws/install/lidar/share/lidar/scripts/lidar.py
[0.601s] -- Installing: /home/user/atbots_ws/install/lidar/lib/lidar/lidar.py
[0.602s] -- Up-to-date: /home/user/atbots_ws/install/lidar/share/ament_index/resource_index/package_run_dependencies/lidar
[0.602s] -- Installing: /home/user/atbots_ws/install/lidar/share/ament_index/resource_index/parent_prefix_path/lidar
[0.602s] -- Up-to-date: /home/user/atbots_ws/install/lidar/share/lidar/environment/ament_prefix_path.sh
[0.602s] -- Installing: /home/user/atbots_ws/install/lidar/share/lidar/environment/ament_prefix_path.dsv
[0.602s] -- Up-to-date: /home/user/atbots_ws/install/lidar/share/lidar/environment/path.sh
[0.602s] -- Installing: /home/user/atbots_ws/install/lidar/share/lidar/environment/path.dsv
[0.603s] -- Up-to-date: /home/user/atbots_ws/install/lidar/share/lidar/local_setup.bash
[0.603s] -- Up-to-date: /home/user/atbots_ws/install/lidar/share/lidar/local_setup.sh
[0.603s] -- Up-to-date: /home/user/atbots_ws/install/lidar/share/lidar/local_setup.zsh
[0.603s] -- Installing: /home/user/atbots_ws/install/lidar/share/lidar/local_setup.dsv
[0.603s] -- Installing: /home/user/atbots_ws/install/lidar/share/lidar/package.dsv
[0.603s] -- Up-to-date: /home/user/atbots_ws/install/lidar/share/ament_index/resource_index/packages/lidar
[0.603s] -- Up-to-date: /home/user/atbots_ws/install/lidar/share/lidar/cmake/lidarConfig.cmake
[0.603s] -- Up-to-date: /home/user/atbots_ws/install/lidar/share/lidar/cmake/lidarConfig-version.cmake
[0.603s] -- Up-to-date: /home/user/atbots_ws/install/lidar/share/lidar/package.xml
[0.605s] Invoked command in '/home/user/atbots_ws/build/lidar' returned '0': CMAKE_PREFIX_PATH=${CMAKE_PREFIX_PATH}:/opt/ros/humble /usr/bin/cmake --install /home/user/atbots_ws/build/lidar
