[0.020s] Invoking command in '/home/user/atbots_ws/build/arms': CMAKE_PREFIX_PATH=/opt/ros/humble /usr/bin/cmake --build /home/user/atbots_ws/build/arms -- -j8 -l8
[0.073s] Invoked command in '/home/user/atbots_ws/build/arms' returned '0': CMAKE_PREFIX_PATH=/opt/ros/humble /usr/bin/cmake --build /home/user/atbots_ws/build/arms -- -j8 -l8
[0.085s] Invoking command in '/home/user/atbots_ws/build/arms': CMAKE_PREFIX_PATH=/opt/ros/humble /usr/bin/cmake --install /home/user/atbots_ws/build/arms
[0.095s] -- Install configuration: ""
[0.096s] -- Up-to-date: /home/user/atbots_ws/install/arms/share/arms/scripts
[0.096s] -- Up-to-date: /home/user/atbots_ws/install/arms/share/arms/scripts/arms.py
[0.096s] -- Up-to-date: /home/user/atbots_ws/install/arms/lib/arms/arms.py
[0.096s] -- Up-to-date: /home/user/atbots_ws/install/arms/share/ament_index/resource_index/package_run_dependencies/arms
[0.096s] -- Up-to-date: /home/user/atbots_ws/install/arms/share/ament_index/resource_index/parent_prefix_path/arms
[0.097s] -- Up-to-date: /home/user/atbots_ws/install/arms/share/arms/environment/ament_prefix_path.sh
[0.097s] -- Up-to-date: /home/user/atbots_ws/install/arms/share/arms/environment/ament_prefix_path.dsv
[0.097s] -- Up-to-date: /home/user/atbots_ws/install/arms/share/arms/environment/path.sh
[0.097s] -- Up-to-date: /home/user/atbots_ws/install/arms/share/arms/environment/path.dsv
[0.097s] -- Up-to-date: /home/user/atbots_ws/install/arms/share/arms/local_setup.bash
[0.097s] -- Up-to-date: /home/user/atbots_ws/install/arms/share/arms/local_setup.sh
[0.098s] -- Up-to-date: /home/user/atbots_ws/install/arms/share/arms/local_setup.zsh
[0.098s] -- Up-to-date: /home/user/atbots_ws/install/arms/share/arms/local_setup.dsv
[0.098s] -- Up-to-date: /home/user/atbots_ws/install/arms/share/arms/package.dsv
[0.098s] -- Up-to-date: /home/user/atbots_ws/install/arms/share/ament_index/resource_index/packages/arms
[0.098s] -- Up-to-date: /home/user/atbots_ws/install/arms/share/arms/cmake/armsConfig.cmake
[0.099s] -- Up-to-date: /home/user/atbots_ws/install/arms/share/arms/cmake/armsConfig-version.cmake
[0.099s] -- Up-to-date: /home/user/atbots_ws/install/arms/share/arms/package.xml
[0.100s] Invoked command in '/home/user/atbots_ws/build/arms' returned '0': CMAKE_PREFIX_PATH=/opt/ros/humble /usr/bin/cmake --install /home/user/atbots_ws/build/arms
