[0.019s] Invoking command in '/home/user/atbots_ws/build/arms': CMAKE_PREFIX_PATH=${CMAKE_PREFIX_PATH}:/opt/ros/humble /usr/bin/cmake /home/user/atbots_ws/src/arms -DCMAKE_INSTALL_PREFIX=/home/user/atbots_ws/install/arms
[0.104s] -- The C compiler identification is GNU 11.4.0
[0.181s] -- The CXX compiler identification is GNU 11.4.0
[0.190s] -- Detecting C compiler ABI info
[0.280s] -- Detecting C compiler ABI info - done
[0.290s] -- Check for working C compiler: /usr/bin/cc - skipped
[0.290s] -- Detecting C compile features
[0.290s] -- Detecting C compile features - done
[0.294s] -- Detecting CXX compiler ABI info
[0.390s] -- Detecting CXX compiler ABI info - done
[0.400s] -- Check for working CXX compiler: /usr/bin/c++ - skipped
[0.400s] -- Detecting CXX compile features
[0.401s] -- Detecting CXX compile features - done
[0.404s] -- Found ament_cmake: 1.3.14 (/opt/ros/humble/share/ament_cmake/cmake)
[0.569s] -- Found Python3: /usr/bin/python3 (found version "3.10.12") found components: Interpreter 
[0.661s] -- Found rclcpp: 16.0.19 (/opt/ros/humble/share/rclcpp/cmake)
[0.698s] -- Found rosidl_generator_c: 3.1.8 (/opt/ros/humble/share/rosidl_generator_c/cmake)
[0.703s] -- Found rosidl_adapter: 3.1.8 (/opt/ros/humble/share/rosidl_adapter/cmake)
[0.710s] -- Found rosidl_generator_cpp: 3.1.8 (/opt/ros/humble/share/rosidl_generator_cpp/cmake)
[0.722s] -- Using all available rosidl_typesupport_c: rosidl_typesupport_fastrtps_c;rosidl_typesupport_introspection_c
[0.741s] -- Using all available rosidl_typesupport_cpp: rosidl_typesupport_fastrtps_cpp;rosidl_typesupport_introspection_cpp
[0.785s] -- Found rmw_implementation_cmake: 6.1.2 (/opt/ros/humble/share/rmw_implementation_cmake/cmake)
[0.788s] -- Found rmw_fastrtps_cpp: 6.2.10 (/opt/ros/humble/share/rmw_fastrtps_cpp/cmake)
[0.883s] -- Found OpenSSL: /usr/lib/x86_64-linux-gnu/libcrypto.so (found version "3.0.2")  
[0.913s] -- Found FastRTPS: /opt/ros/humble/include  
[0.956s] -- Using RMW implementation 'rmw_fastrtps_cpp' as default
[0.965s] -- Looking for pthread.h
[1.068s] -- Looking for pthread.h - found
[1.069s] -- Performing Test CMAKE_HAVE_LIBC_PTHREAD
[1.153s] -- Performing Test CMAKE_HAVE_LIBC_PTHREAD - Success
[1.155s] -- Found Threads: TRUE  
[1.211s] -- Found sensor_msgs: 4.9.1 (/opt/ros/humble/share/sensor_msgs/cmake)
[1.244s] -- Found ament_lint_auto: 0.12.15 (/opt/ros/humble/share/ament_lint_auto/cmake)
[1.328s] -- Added test 'flake8' to check Python code syntax and style conventions
[1.329s] -- Added test 'lint_cmake' to check CMake code style
[1.330s] -- Added test 'pep257' to check Python code against some of the docstring style conventions in PEP 257
[1.331s] -- Added test 'xmllint' to check XML markup files
[1.333s] -- Configuring done
[1.340s] -- Generating done
[1.343s] -- Build files have been written to: /home/user/atbots_ws/build/arms
[1.356s] Invoked command in '/home/user/atbots_ws/build/arms' returned '0': CMAKE_PREFIX_PATH=${CMAKE_PREFIX_PATH}:/opt/ros/humble /usr/bin/cmake /home/user/atbots_ws/src/arms -DCMAKE_INSTALL_PREFIX=/home/user/atbots_ws/install/arms
[1.357s] Invoking command in '/home/user/atbots_ws/build/arms': CMAKE_PREFIX_PATH=${CMAKE_PREFIX_PATH}:/opt/ros/humble /usr/bin/cmake --build /home/user/atbots_ws/build/arms -- -j8 -l8
[1.404s] Invoked command in '/home/user/atbots_ws/build/arms' returned '0': CMAKE_PREFIX_PATH=${CMAKE_PREFIX_PATH}:/opt/ros/humble /usr/bin/cmake --build /home/user/atbots_ws/build/arms -- -j8 -l8
[1.406s] Invoking command in '/home/user/atbots_ws/build/arms': CMAKE_PREFIX_PATH=${CMAKE_PREFIX_PATH}:/opt/ros/humble /usr/bin/cmake --install /home/user/atbots_ws/build/arms
[1.415s] -- Install configuration: ""
[1.416s] -- Installing: /home/user/atbots_ws/install/arms/share/ament_index/resource_index/package_run_dependencies/arms
[1.416s] -- Installing: /home/user/atbots_ws/install/arms/share/ament_index/resource_index/parent_prefix_path/arms
[1.416s] -- Installing: /home/user/atbots_ws/install/arms/share/arms/environment/ament_prefix_path.sh
[1.416s] -- Installing: /home/user/atbots_ws/install/arms/share/arms/environment/ament_prefix_path.dsv
[1.417s] -- Installing: /home/user/atbots_ws/install/arms/share/arms/environment/path.sh
[1.417s] -- Installing: /home/user/atbots_ws/install/arms/share/arms/environment/path.dsv
[1.417s] -- Installing: /home/user/atbots_ws/install/arms/share/arms/local_setup.bash
[1.417s] -- Installing: /home/user/atbots_ws/install/arms/share/arms/local_setup.sh
[1.417s] -- Installing: /home/user/atbots_ws/install/arms/share/arms/local_setup.zsh
[1.417s] -- Installing: /home/user/atbots_ws/install/arms/share/arms/local_setup.dsv
[1.418s] -- Installing: /home/user/atbots_ws/install/arms/share/arms/package.dsv
[1.418s] -- Installing: /home/user/atbots_ws/install/arms/share/ament_index/resource_index/packages/arms
[1.418s] -- Installing: /home/user/atbots_ws/install/arms/share/arms/cmake/armsConfig.cmake
[1.418s] -- Installing: /home/user/atbots_ws/install/arms/share/arms/cmake/armsConfig-version.cmake
[1.419s] -- Installing: /home/user/atbots_ws/install/arms/share/arms/package.xml
[1.422s] Invoked command in '/home/user/atbots_ws/build/arms' returned '0': CMAKE_PREFIX_PATH=${CMAKE_PREFIX_PATH}:/opt/ros/humble /usr/bin/cmake --install /home/user/atbots_ws/build/arms
